<?xml version="1.0" encoding="UTF-8"?>
<coverage generated="1644681758224" clover="3.2.0">
  <project timestamp="1644681758225" name="All files">
    <metrics statements="179" coveredstatements="169" conditionals="22" coveredconditionals="16" methods="44" coveredmethods="40" elements="245" coveredelements="225" complexity="0" loc="179" ncloc="179" packages="6" files="12" classes="12"/>
    <package name="src">
      <metrics statements="7" coveredstatements="1" conditionals="2" coveredconditionals="0" methods="2" coveredmethods="0"/>
      <file name="index.js" path="C:\muthu\gitworkspace\libraries\npm\react\react-cropped-doughnut-chart\src\index.js">
        <metrics statements="7" coveredstatements="1" conditionals="2" coveredconditionals="0" methods="2" coveredmethods="0"/>
        <line num="4" count="1" type="stmt"/>
        <line num="7" count="0" type="stmt"/>
        <line num="10" count="0" type="stmt"/>
        <line num="15" count="0" type="stmt"/>
        <line num="17" count="0" type="cond" truecount="0" falsecount="2"/>
        <line num="18" count="0" type="stmt"/>
        <line num="25" count="0" type="stmt"/>
      </file>
    </package>
    <package name="src.core">
      <metrics statements="32" coveredstatements="32" conditionals="2" coveredconditionals="1" methods="3" coveredmethods="3"/>
      <file name="DoughnutElement.js" path="C:\muthu\gitworkspace\libraries\npm\react\react-cropped-doughnut-chart\src\core\DoughnutElement.js">
        <metrics statements="32" coveredstatements="32" conditionals="2" coveredconditionals="1" methods="3" coveredmethods="3"/>
        <line num="10" count="1" type="stmt"/>
        <line num="11" count="1" type="stmt"/>
        <line num="25" count="1" type="stmt"/>
        <line num="38" count="1" type="stmt"/>
        <line num="39" count="1" type="stmt"/>
        <line num="40" count="1" type="stmt"/>
        <line num="41" count="1" type="stmt"/>
        <line num="42" count="1" type="stmt"/>
        <line num="43" count="1" type="stmt"/>
        <line num="44" count="1" type="stmt"/>
        <line num="45" count="1" type="stmt"/>
        <line num="46" count="1" type="stmt"/>
        <line num="47" count="3" type="stmt"/>
        <line num="49" count="1" type="stmt"/>
        <line num="52" count="1" type="stmt"/>
        <line num="54" count="1" type="stmt"/>
        <line num="57" count="1" type="stmt"/>
        <line num="58" count="3" type="stmt"/>
        <line num="61" count="3" type="stmt"/>
        <line num="63" count="3" type="stmt"/>
        <line num="72" count="3" type="stmt"/>
        <line num="73" count="3" type="stmt"/>
        <line num="76" count="1" type="stmt"/>
        <line num="85" count="1" type="stmt"/>
        <line num="88" count="1" type="cond" truecount="1" falsecount="1"/>
        <line num="90" count="1" type="stmt"/>
        <line num="94" count="1" type="stmt"/>
        <line num="96" count="1" type="stmt"/>
        <line num="97" count="1" type="stmt"/>
        <line num="103" count="1" type="stmt"/>
        <line num="107" count="1" type="stmt"/>
        <line num="109" count="1" type="stmt"/>
      </file>
    </package>
    <package name="src.core.builder">
      <metrics statements="19" coveredstatements="17" conditionals="2" coveredconditionals="1" methods="8" coveredmethods="7"/>
      <file name="elements.js" path="C:\muthu\gitworkspace\libraries\npm\react\react-cropped-doughnut-chart\src\core\builder\elements.js">
        <metrics statements="19" coveredstatements="17" conditionals="2" coveredconditionals="1" methods="8" coveredmethods="7"/>
        <line num="3" count="5" type="stmt"/>
        <line num="5" count="34" type="stmt"/>
        <line num="6" count="34" type="stmt"/>
        <line num="8" count="82" type="stmt"/>
        <line num="10" count="34" type="stmt"/>
        <line num="14" count="7" type="stmt"/>
        <line num="16" count="8" type="stmt"/>
        <line num="18" count="7" type="stmt"/>
        <line num="23" count="0" type="stmt"/>
        <line num="29" count="1" type="cond" truecount="1" falsecount="1"/>
        <line num="30" count="0" type="stmt"/>
        <line num="32" count="1" type="stmt"/>
        <line num="33" count="1" type="stmt"/>
        <line num="34" count="1" type="stmt"/>
        <line num="36" count="1" type="stmt"/>
        <line num="37" count="1" type="stmt"/>
        <line num="41" count="3" type="stmt"/>
        <line num="42" count="3" type="stmt"/>
        <line num="45" count="1" type="stmt"/>
      </file>
    </package>
    <package name="src.core.components">
      <metrics statements="41" coveredstatements="41" conditionals="2" coveredconditionals="0" methods="6" coveredmethods="6"/>
      <file name="Animations.js" path="C:\muthu\gitworkspace\libraries\npm\react\react-cropped-doughnut-chart\src\core\components\Animations.js">
        <metrics statements="14" coveredstatements="14" conditionals="2" coveredconditionals="0" methods="4" coveredmethods="4"/>
        <line num="7" count="1" type="stmt"/>
        <line num="14" count="1" type="stmt"/>
        <line num="20" count="1" type="stmt"/>
        <line num="30" count="1" type="stmt"/>
        <line num="38" count="1" type="stmt"/>
        <line num="39" count="1" type="stmt"/>
        <line num="44" count="1" type="stmt"/>
        <line num="45" count="1" type="stmt"/>
        <line num="47" count="1" type="stmt"/>
        <line num="48" count="1" type="stmt"/>
        <line num="53" count="1" type="stmt"/>
        <line num="55" count="1" type="stmt"/>
        <line num="59" count="1" type="stmt"/>
        <line num="60" count="1" type="stmt"/>
      </file>
      <file name="HtmlContainerElement.js" path="C:\muthu\gitworkspace\libraries\npm\react\react-cropped-doughnut-chart\src\core\components\HtmlContainerElement.js">
        <metrics statements="17" coveredstatements="17" conditionals="0" coveredconditionals="0" methods="1" coveredmethods="1"/>
        <line num="3" count="2" type="stmt"/>
        <line num="7" count="1" type="stmt"/>
        <line num="15" count="1" type="stmt"/>
        <line num="17" count="1" type="stmt"/>
        <line num="22" count="1" type="stmt"/>
        <line num="23" count="1" type="stmt"/>
        <line num="24" count="1" type="stmt"/>
        <line num="25" count="1" type="stmt"/>
        <line num="27" count="1" type="stmt"/>
        <line num="30" count="1" type="stmt"/>
        <line num="32" count="1" type="stmt"/>
        <line num="33" count="1" type="stmt"/>
        <line num="35" count="1" type="stmt"/>
        <line num="36" count="1" type="stmt"/>
        <line num="38" count="1" type="stmt"/>
        <line num="45" count="1" type="stmt"/>
        <line num="47" count="1" type="stmt"/>
      </file>
      <file name="SliceElement.js" path="C:\muthu\gitworkspace\libraries\npm\react\react-cropped-doughnut-chart\src\core\components\SliceElement.js">
        <metrics statements="10" coveredstatements="10" conditionals="0" coveredconditionals="0" methods="1" coveredmethods="1"/>
        <line num="14" count="3" type="stmt"/>
        <line num="15" count="3" type="stmt"/>
        <line num="22" count="3" type="stmt"/>
        <line num="23" count="3" type="stmt"/>
        <line num="24" count="3" type="stmt"/>
        <line num="28" count="3" type="stmt"/>
        <line num="31" count="3" type="stmt"/>
        <line num="34" count="3" type="stmt"/>
        <line num="41" count="3" type="stmt"/>
        <line num="43" count="3" type="stmt"/>
      </file>
    </package>
    <package name="src.core.draw">
      <metrics statements="44" coveredstatements="42" conditionals="4" coveredconditionals="4" methods="10" coveredmethods="9"/>
      <file name="arc.js" path="C:\muthu\gitworkspace\libraries\npm\react\react-cropped-doughnut-chart\src\core\draw\arc.js">
        <metrics statements="16" coveredstatements="14" conditionals="2" coveredconditionals="2" methods="4" coveredmethods="3"/>
        <line num="19" count="7" type="stmt"/>
        <line num="20" count="7" type="stmt"/>
        <line num="22" count="7" type="cond" truecount="2" falsecount="0"/>
        <line num="24" count="7" type="stmt"/>
        <line num="29" count="7" type="stmt"/>
        <line num="49" count="0" type="stmt"/>
        <line num="55" count="0" type="stmt"/>
        <line num="59" count="4" type="stmt"/>
        <line num="60" count="4" type="stmt"/>
        <line num="61" count="4" type="stmt"/>
        <line num="62" count="4" type="stmt"/>
        <line num="71" count="4" type="stmt"/>
        <line num="73" count="4" type="stmt"/>
        <line num="74" count="4" type="stmt"/>
        <line num="83" count="4" type="stmt"/>
        <line num="85" count="4" type="stmt"/>
      </file>
      <file name="calculations.js" path="C:\muthu\gitworkspace\libraries\npm\react\react-cropped-doughnut-chart\src\core\draw\calculations.js">
        <metrics statements="10" coveredstatements="10" conditionals="2" coveredconditionals="2" methods="3" coveredmethods="3"/>
        <line num="13" count="23" type="stmt"/>
        <line num="15" count="23" type="stmt"/>
        <line num="27" count="3" type="stmt"/>
        <line num="29" count="3" type="stmt"/>
        <line num="37" count="3" type="stmt"/>
        <line num="46" count="3" type="stmt"/>
        <line num="47" count="3" type="stmt"/>
        <line num="49" count="3" type="cond" truecount="2" falsecount="0"/>
        <line num="51" count="3" type="stmt"/>
        <line num="57" count="3" type="stmt"/>
      </file>
      <file name="textInArc.js" path="C:\muthu\gitworkspace\libraries\npm\react\react-cropped-doughnut-chart\src\core\draw\textInArc.js">
        <metrics statements="18" coveredstatements="18" conditionals="0" coveredconditionals="0" methods="3" coveredmethods="3"/>
        <line num="7" count="3" type="stmt"/>
        <line num="9" count="3" type="stmt"/>
        <line num="13" count="3" type="stmt"/>
        <line num="15" count="3" type="stmt"/>
        <line num="20" count="3" type="stmt"/>
        <line num="21" count="3" type="stmt"/>
        <line num="25" count="3" type="stmt"/>
        <line num="30" count="3" type="stmt"/>
        <line num="37" count="3" type="stmt"/>
        <line num="38" count="3" type="stmt"/>
        <line num="39" count="3" type="stmt"/>
        <line num="49" count="3" type="stmt"/>
        <line num="50" count="3" type="stmt"/>
        <line num="56" count="3" type="stmt"/>
        <line num="62" count="3" type="stmt"/>
        <line num="63" count="3" type="stmt"/>
        <line num="64" count="3" type="stmt"/>
        <line num="65" count="3" type="stmt"/>
      </file>
    </package>
    <package name="src.core.shared">
      <metrics statements="36" coveredstatements="36" conditionals="10" coveredconditionals="10" methods="15" coveredmethods="15"/>
      <file name="config.js" path="C:\muthu\gitworkspace\libraries\npm\react\react-cropped-doughnut-chart\src\core\shared\config.js">
        <metrics statements="4" coveredstatements="4" conditionals="0" coveredconditionals="0" methods="0" coveredmethods="0"/>
        <line num="1" count="2" type="stmt"/>
        <line num="9" count="2" type="stmt"/>
        <line num="16" count="2" type="stmt"/>
        <line num="26" count="2" type="stmt"/>
      </file>
      <file name="formatter.js" path="C:\muthu\gitworkspace\libraries\npm\react\react-cropped-doughnut-chart\src\core\shared\formatter.js">
        <metrics statements="30" coveredstatements="30" conditionals="10" coveredconditionals="10" methods="14" coveredmethods="14"/>
        <line num="3" count="3" type="stmt"/>
        <line num="14" count="21" type="stmt"/>
        <line num="15" count="21" type="cond" truecount="2" falsecount="0"/>
        <line num="17" count="10" type="stmt"/>
        <line num="24" count="21" type="stmt"/>
        <line num="25" count="21" type="cond" truecount="2" falsecount="0"/>
        <line num="27" count="7" type="stmt"/>
        <line num="34" count="14" type="stmt"/>
        <line num="35" count="10" type="stmt"/>
        <line num="36" count="10" type="stmt"/>
        <line num="37" count="10" type="cond" truecount="2" falsecount="0"/>
        <line num="38" count="6" type="stmt"/>
        <line num="40" count="10" type="stmt"/>
        <line num="44" count="3" type="stmt"/>
        <line num="48" count="8" type="stmt"/>
        <line num="50" count="22" type="stmt"/>
        <line num="51" count="8" type="stmt"/>
        <line num="52" count="8" type="cond" truecount="2" falsecount="0"/>
        <line num="53" count="1" type="stmt"/>
        <line num="57" count="21" type="stmt"/>
        <line num="59" count="21" type="stmt"/>
        <line num="60" count="7" type="stmt"/>
        <line num="61" count="21" type="stmt"/>
        <line num="75" count="21" type="stmt"/>
        <line num="84" count="24" type="stmt"/>
        <line num="86" count="24" type="stmt"/>
        <line num="89" count="24" type="stmt"/>
        <line num="99" count="24" type="stmt"/>
        <line num="100" count="24" type="cond" truecount="2" falsecount="0"/>
        <line num="103" count="24" type="stmt"/>
      </file>
      <file name="randomizer.js" path="C:\muthu\gitworkspace\libraries\npm\react\react-cropped-doughnut-chart\src\core\shared\randomizer.js">
        <metrics statements="2" coveredstatements="2" conditionals="0" coveredconditionals="0" methods="1" coveredmethods="1"/>
        <line num="2" count="3" type="stmt"/>
        <line num="3" count="3" type="stmt"/>
      </file>
    </package>
  </project>
</coverage>
