{"C:\\muthu\\gitworkspace\\libraries\\npm\\react\\react-cropped-doughnut-chart\\src\\index.js": {"path":"C:\\muthu\\gitworkspace\\libraries\\npm\\react\\react-cropped-doughnut-chart\\src\\index.js","statementMap":{"0":{"start":{"line":4,"column":36},"end":{"line":28,"column":1}},"1":{"start":{"line":7,"column":14},"end":{"line":7,"column":26}},"2":{"start":{"line":10,"column":2},"end":{"line":22,"column":8}},"3":{"start":{"line":15,"column":18},"end":{"line":15,"column":49}},"4":{"start":{"line":17,"column":4},"end":{"line":19,"column":5}},"5":{"start":{"line":18,"column":6},"end":{"line":18,"column":37}},"6":{"start":{"line":25,"column":2},"end":{"line":25,"column":27}}},"fnMap":{"0":{"name":"(anonymous_0)","decl":{"start":{"line":4,"column":36},"end":{"line":4,"column":37}},"loc":{"start":{"line":4,"column":59},"end":{"line":28,"column":1}},"line":4},"1":{"name":"(anonymous_1)","decl":{"start":{"line":10,"column":12},"end":{"line":10,"column":13}},"loc":{"start":{"line":10,"column":18},"end":{"line":22,"column":3}},"line":10}},"branchMap":{"0":{"loc":{"start":{"line":17,"column":4},"end":{"line":19,"column":5}},"type":"if","locations":[{"start":{"line":17,"column":4},"end":{"line":19,"column":5}},{"start":{"line":17,"column":4},"end":{"line":19,"column":5}}],"line":17}},"s":{"0":1,"1":0,"2":0,"3":0,"4":0,"5":0,"6":0},"f":{"0":0,"1":0},"b":{"0":[0,0]},"_coverageSchema":"43e27e138ebf9cfc5966b082cf9a028302ed4184","hash":"618126c08a6ce79a612a121811c999b44424551f"}
,"C:\\muthu\\gitworkspace\\libraries\\npm\\react\\react-cropped-doughnut-chart\\src\\core\\DoughnutElement.js": {"path":"C:\\muthu\\gitworkspace\\libraries\\npm\\react\\react-cropped-doughnut-chart\\src\\core\\DoughnutElement.js","statementMap":{"0":{"start":{"line":10,"column":2},"end":{"line":10,"column":28}},"1":{"start":{"line":11,"column":25},"end":{"line":23,"column":3}},"2":{"start":{"line":25,"column":27},"end":{"line":25,"column":60}},"3":{"start":{"line":38,"column":6},"end":{"line":38,"column":22}},"4":{"start":{"line":39,"column":28},"end":{"line":39,"column":61}},"5":{"start":{"line":40,"column":20},"end":{"line":40,"column":52}},"6":{"start":{"line":41,"column":12},"end":{"line":41,"column":25}},"7":{"start":{"line":42,"column":12},"end":{"line":42,"column":25}},"8":{"start":{"line":43,"column":22},"end":{"line":43,"column":48}},"9":{"start":{"line":44,"column":24},"end":{"line":44,"column":47}},"10":{"start":{"line":45,"column":33},"end":{"line":45,"column":46}},"11":{"start":{"line":46,"column":16},"end":{"line":46,"column":45}},"12":{"start":{"line":47,"column":29},"end":{"line":47,"column":57}},"13":{"start":{"line":47,"column":42},"end":{"line":47,"column":57}},"14":{"start":{"line":49,"column":20},"end":{"line":49,"column":42}},"15":{"start":{"line":52,"column":21},"end":{"line":52,"column":31}},"16":{"start":{"line":54,"column":25},"end":{"line":54,"column":55}},"17":{"start":{"line":57,"column":2},"end":{"line":74,"column":5}},"18":{"start":{"line":58,"column":64},"end":{"line":58,"column":68}},"19":{"start":{"line":61,"column":21},"end":{"line":61,"column":66}},"20":{"start":{"line":63,"column":30},"end":{"line":70,"column":5}},"21":{"start":{"line":72,"column":4},"end":{"line":72,"column":45}},"22":{"start":{"line":73,"column":4},"end":{"line":73,"column":28}},"23":{"start":{"line":76,"column":31},"end":{"line":82,"column":3}},"24":{"start":{"line":85,"column":2},"end":{"line":85,"column":46}},"25":{"start":{"line":88,"column":2},"end":{"line":100,"column":3}},"26":{"start":{"line":90,"column":28},"end":{"line":93,"column":63}},"27":{"start":{"line":94,"column":4},"end":{"line":94,"column":43}},"28":{"start":{"line":96,"column":33},"end":{"line":96,"column":91}},"29":{"start":{"line":97,"column":4},"end":{"line":97,"column":48}},"30":{"start":{"line":103,"column":15},"end":{"line":106,"column":4}},"31":{"start":{"line":107,"column":2},"end":{"line":107,"column":30}},"32":{"start":{"line":109,"column":2},"end":{"line":109,"column":14}}},"fnMap":{"0":{"name":"DoughnutElement","decl":{"start":{"line":9,"column":16},"end":{"line":9,"column":31}},"loc":{"start":{"line":9,"column":48},"end":{"line":110,"column":1}},"line":9},"1":{"name":"(anonymous_1)","decl":{"start":{"line":47,"column":29},"end":{"line":47,"column":30}},"loc":{"start":{"line":47,"column":42},"end":{"line":47,"column":57}},"line":47},"2":{"name":"(anonymous_2)","decl":{"start":{"line":57,"column":25},"end":{"line":57,"column":26}},"loc":{"start":{"line":57,"column":42},"end":{"line":74,"column":3}},"line":57}},"branchMap":{"0":{"loc":{"start":{"line":88,"column":2},"end":{"line":100,"column":3}},"type":"if","locations":[{"start":{"line":88,"column":2},"end":{"line":100,"column":3}},{"start":{"line":88,"column":2},"end":{"line":100,"column":3}}],"line":88}},"s":{"0":1,"1":1,"2":1,"3":1,"4":1,"5":1,"6":1,"7":1,"8":1,"9":1,"10":1,"11":1,"12":1,"13":3,"14":1,"15":1,"16":1,"17":1,"18":3,"19":3,"20":3,"21":3,"22":3,"23":1,"24":1,"25":1,"26":1,"27":1,"28":1,"29":1,"30":1,"31":1,"32":1},"f":{"0":1,"1":3,"2":3},"b":{"0":[1,0]},"_coverageSchema":"43e27e138ebf9cfc5966b082cf9a028302ed4184","hash":"cb1deeac562ff885ad7e2b40d64f5b26fc45c104"}
,"C:\\muthu\\gitworkspace\\libraries\\npm\\react\\react-cropped-doughnut-chart\\src\\core\\builder\\elements.js": {"path":"C:\\muthu\\gitworkspace\\libraries\\npm\\react\\react-cropped-doughnut-chart\\src\\core\\builder\\elements.js","statementMap":{"0":{"start":{"line":3,"column":29},"end":{"line":3,"column":57}},"1":{"start":{"line":5,"column":16},"end":{"line":5,"column":29}},"2":{"start":{"line":6,"column":18},"end":{"line":6,"column":55}},"3":{"start":{"line":8,"column":2},"end":{"line":8,"column":79}},"4":{"start":{"line":8,"column":37},"end":{"line":8,"column":78}},"5":{"start":{"line":10,"column":2},"end":{"line":10,"column":16}},"6":{"start":{"line":14,"column":18},"end":{"line":14,"column":46}},"7":{"start":{"line":16,"column":2},"end":{"line":16,"column":71}},"8":{"start":{"line":16,"column":37},"end":{"line":16,"column":70}},"9":{"start":{"line":18,"column":2},"end":{"line":18,"column":16}},"10":{"start":{"line":23,"column":2},"end":{"line":23,"column":43}},"11":{"start":{"line":29,"column":2},"end":{"line":31,"column":3}},"12":{"start":{"line":30,"column":4},"end":{"line":30,"column":10}},"13":{"start":{"line":32,"column":19},"end":{"line":32,"column":50}},"14":{"start":{"line":33,"column":2},"end":{"line":33,"column":45}},"15":{"start":{"line":34,"column":2},"end":{"line":34,"column":64}},"16":{"start":{"line":36,"column":2},"end":{"line":36,"column":31}},"17":{"start":{"line":37,"column":2},"end":{"line":37,"column":39}},"18":{"start":{"line":41,"column":20},"end":{"line":41,"column":42}},"19":{"start":{"line":42,"column":2},"end":{"line":42,"column":19}},"20":{"start":{"line":45,"column":2},"end":{"line":50,"column":4}}},"fnMap":{"0":{"name":"createElement","decl":{"start":{"line":4,"column":16},"end":{"line":4,"column":29}},"loc":{"start":{"line":4,"column":45},"end":{"line":11,"column":1}},"line":4},"1":{"name":"(anonymous_1)","decl":{"start":{"line":8,"column":18},"end":{"line":8,"column":19}},"loc":{"start":{"line":8,"column":37},"end":{"line":8,"column":78}},"line":8},"2":{"name":"createHtmlElement","decl":{"start":{"line":13,"column":16},"end":{"line":13,"column":33}},"loc":{"start":{"line":13,"column":49},"end":{"line":19,"column":1}},"line":13},"3":{"name":"(anonymous_3)","decl":{"start":{"line":16,"column":18},"end":{"line":16,"column":19}},"loc":{"start":{"line":16,"column":37},"end":{"line":16,"column":70}},"line":16},"4":{"name":"setAttributeForSvg","decl":{"start":{"line":22,"column":16},"end":{"line":22,"column":34}},"loc":{"start":{"line":22,"column":57},"end":{"line":24,"column":1}},"line":22},"5":{"name":"insertStyles","decl":{"start":{"line":28,"column":16},"end":{"line":28,"column":28}},"loc":{"start":{"line":28,"column":37},"end":{"line":38,"column":1}},"line":28},"6":{"name":"createContainer","decl":{"start":{"line":40,"column":16},"end":{"line":40,"column":31}},"loc":{"start":{"line":40,"column":33},"end":{"line":43,"column":1}},"line":40},"7":{"name":"createCircle","decl":{"start":{"line":44,"column":16},"end":{"line":44,"column":28}},"loc":{"start":{"line":44,"column":61},"end":{"line":51,"column":1}},"line":44}},"branchMap":{"0":{"loc":{"start":{"line":29,"column":2},"end":{"line":31,"column":3}},"type":"if","locations":[{"start":{"line":29,"column":2},"end":{"line":31,"column":3}},{"start":{"line":29,"column":2},"end":{"line":31,"column":3}}],"line":29}},"s":{"0":5,"1":34,"2":34,"3":34,"4":82,"5":34,"6":7,"7":7,"8":8,"9":7,"10":0,"11":1,"12":0,"13":1,"14":1,"15":1,"16":1,"17":1,"18":3,"19":3,"20":1},"f":{"0":34,"1":82,"2":7,"3":8,"4":0,"5":1,"6":3,"7":1},"b":{"0":[0,1]},"_coverageSchema":"43e27e138ebf9cfc5966b082cf9a028302ed4184","hash":"211b8c138479561a2f998ed52fd20d0a48f17e43"}
,"C:\\muthu\\gitworkspace\\libraries\\npm\\react\\react-cropped-doughnut-chart\\src\\core\\components\\Animations.js": {"path":"C:\\muthu\\gitworkspace\\libraries\\npm\\react\\react-cropped-doughnut-chart\\src\\core\\components\\Animations.js","statementMap":{"0":{"start":{"line":7,"column":25},"end":{"line":13,"column":4}},"1":{"start":{"line":14,"column":2},"end":{"line":14,"column":24}},"2":{"start":{"line":20,"column":25},"end":{"line":29,"column":4}},"3":{"start":{"line":30,"column":2},"end":{"line":30,"column":24}},"4":{"start":{"line":38,"column":22},"end":{"line":38,"column":25}},"5":{"start":{"line":39,"column":26},"end":{"line":42,"column":34}},"6":{"start":{"line":44,"column":2},"end":{"line":44,"column":57}},"7":{"start":{"line":45,"column":25},"end":{"line":45,"column":56}},"8":{"start":{"line":47,"column":2},"end":{"line":47,"column":46}},"9":{"start":{"line":48,"column":2},"end":{"line":48,"column":25}},"10":{"start":{"line":53,"column":29},"end":{"line":53,"column":76}},"11":{"start":{"line":55,"column":25},"end":{"line":55,"column":49}},"12":{"start":{"line":59,"column":2},"end":{"line":59,"column":49}},"13":{"start":{"line":60,"column":2},"end":{"line":60,"column":28}}},"fnMap":{"0":{"name":"createArcAnimation","decl":{"start":{"line":4,"column":16},"end":{"line":4,"column":34}},"loc":{"start":{"line":4,"column":48},"end":{"line":15,"column":1}},"line":4},"1":{"name":"createOpacityAnimation","decl":{"start":{"line":16,"column":16},"end":{"line":16,"column":38}},"loc":{"start":{"line":16,"column":41},"end":{"line":31,"column":1}},"line":16},"2":{"name":"getBorderAnimation","decl":{"start":{"line":34,"column":16},"end":{"line":34,"column":34}},"loc":{"start":{"line":37,"column":30},"end":{"line":49,"column":1}},"line":37},"3":{"name":"getCenterTitleAnimation","decl":{"start":{"line":51,"column":16},"end":{"line":51,"column":39}},"loc":{"start":{"line":51,"column":85},"end":{"line":61,"column":1}},"line":51}},"branchMap":{"0":{"loc":{"start":{"line":37,"column":3},"end":{"line":37,"column":28}},"type":"default-arg","locations":[{"start":{"line":37,"column":21},"end":{"line":37,"column":28}}],"line":37},"1":{"loc":{"start":{"line":51,"column":58},"end":{"line":51,"column":83}},"type":"default-arg","locations":[{"start":{"line":51,"column":76},"end":{"line":51,"column":83}}],"line":51}},"s":{"0":1,"1":1,"2":1,"3":1,"4":1,"5":1,"6":1,"7":1,"8":1,"9":1,"10":1,"11":1,"12":1,"13":1},"f":{"0":1,"1":1,"2":1,"3":1},"b":{"0":[0],"1":[0]},"_coverageSchema":"43e27e138ebf9cfc5966b082cf9a028302ed4184","hash":"e3639800a0bd61d1699b864546123ba44c7bdcc2"}
,"C:\\muthu\\gitworkspace\\libraries\\npm\\react\\react-cropped-doughnut-chart\\src\\core\\components\\HtmlContainerElement.js": {"path":"C:\\muthu\\gitworkspace\\libraries\\npm\\react\\react-cropped-doughnut-chart\\src\\core\\components\\HtmlContainerElement.js","statementMap":{"0":{"start":{"line":3,"column":29},"end":{"line":3,"column":32}},"1":{"start":{"line":7,"column":22},"end":{"line":14,"column":4}},"2":{"start":{"line":15,"column":23},"end":{"line":15,"column":45}},"3":{"start":{"line":17,"column":21},"end":{"line":21,"column":4}},"4":{"start":{"line":22,"column":23},"end":{"line":22,"column":50}},"5":{"start":{"line":23,"column":2},"end":{"line":23,"column":37}},"6":{"start":{"line":24,"column":2},"end":{"line":24,"column":39}},"7":{"start":{"line":25,"column":2},"end":{"line":25,"column":32}},"8":{"start":{"line":27,"column":20},"end":{"line":29,"column":4}},"9":{"start":{"line":30,"column":2},"end":{"line":30,"column":36}},"10":{"start":{"line":32,"column":18},"end":{"line":32,"column":34}},"11":{"start":{"line":33,"column":18},"end":{"line":33,"column":34}},"12":{"start":{"line":35,"column":16},"end":{"line":35,"column":32}},"13":{"start":{"line":36,"column":17},"end":{"line":36,"column":33}},"14":{"start":{"line":38,"column":24},"end":{"line":43,"column":4}},"15":{"start":{"line":45,"column":2},"end":{"line":45,"column":38}},"16":{"start":{"line":47,"column":2},"end":{"line":47,"column":22}}},"fnMap":{"0":{"name":"getHtmlContainerElement","decl":{"start":{"line":4,"column":16},"end":{"line":4,"column":39}},"loc":{"start":{"line":4,"column":84},"end":{"line":48,"column":1}},"line":4}},"branchMap":{},"s":{"0":2,"1":1,"2":1,"3":1,"4":1,"5":1,"6":1,"7":1,"8":1,"9":1,"10":1,"11":1,"12":1,"13":1,"14":1,"15":1,"16":1},"f":{"0":1},"b":{},"_coverageSchema":"43e27e138ebf9cfc5966b082cf9a028302ed4184","hash":"f209d8cff3156ade1d3fbbc2a26f6e0018ed36a3"}
,"C:\\muthu\\gitworkspace\\libraries\\npm\\react\\react-cropped-doughnut-chart\\src\\core\\components\\SliceElement.js": {"path":"C:\\muthu\\gitworkspace\\libraries\\npm\\react\\react-cropped-doughnut-chart\\src\\core\\components\\SliceElement.js","statementMap":{"0":{"start":{"line":14,"column":22},"end":{"line":14,"column":32}},"1":{"start":{"line":15,"column":20},"end":{"line":19,"column":4}},"2":{"start":{"line":22,"column":23},"end":{"line":22,"column":49}},"3":{"start":{"line":23,"column":2},"end":{"line":23,"column":32}},"4":{"start":{"line":24,"column":2},"end":{"line":24,"column":37}},"5":{"start":{"line":28,"column":14},"end":{"line":28,"column":86}},"6":{"start":{"line":31,"column":2},"end":{"line":31,"column":29}},"7":{"start":{"line":34,"column":24},"end":{"line":40,"column":3}},"8":{"start":{"line":41,"column":2},"end":{"line":41,"column":39}},"9":{"start":{"line":43,"column":2},"end":{"line":43,"column":18}}},"fnMap":{"0":{"name":"getSliceElement","decl":{"start":{"line":6,"column":16},"end":{"line":6,"column":31}},"loc":{"start":{"line":13,"column":2},"end":{"line":44,"column":1}},"line":13}},"branchMap":{},"s":{"0":3,"1":3,"2":3,"3":3,"4":3,"5":3,"6":3,"7":3,"8":3,"9":3},"f":{"0":3},"b":{},"_coverageSchema":"43e27e138ebf9cfc5966b082cf9a028302ed4184","hash":"3bed7037b619b0faf7fb5742b97536c2eeee13c2"}
,"C:\\muthu\\gitworkspace\\libraries\\npm\\react\\react-cropped-doughnut-chart\\src\\core\\draw\\arc.js": {"path":"C:\\muthu\\gitworkspace\\libraries\\npm\\react\\react-cropped-doughnut-chart\\src\\core\\draw\\arc.js","statementMap":{"0":{"start":{"line":19,"column":21},"end":{"line":19,"column":63}},"1":{"start":{"line":20,"column":19},"end":{"line":20,"column":59}},"2":{"start":{"line":22,"column":19},"end":{"line":22,"column":59}},"3":{"start":{"line":24,"column":12},"end":{"line":27,"column":13}},"4":{"start":{"line":29,"column":2},"end":{"line":29,"column":11}},"5":{"start":{"line":49,"column":12},"end":{"line":53,"column":13}},"6":{"start":{"line":55,"column":2},"end":{"line":55,"column":11}},"7":{"start":{"line":59,"column":19},"end":{"line":59,"column":61}},"8":{"start":{"line":60,"column":23},"end":{"line":60,"column":63}},"9":{"start":{"line":61,"column":2},"end":{"line":61,"column":51}},"10":{"start":{"line":62,"column":2},"end":{"line":62,"column":18}},"11":{"start":{"line":71,"column":22},"end":{"line":71,"column":47}},"12":{"start":{"line":73,"column":21},"end":{"line":73,"column":37}},"13":{"start":{"line":74,"column":30},"end":{"line":81,"column":3}},"14":{"start":{"line":83,"column":14},"end":{"line":83,"column":72}},"15":{"start":{"line":85,"column":2},"end":{"line":85,"column":13}}},"fnMap":{"0":{"name":"coordinatesForArc","decl":{"start":{"line":14,"column":16},"end":{"line":14,"column":33}},"loc":{"start":{"line":18,"column":2},"end":{"line":30,"column":1}},"line":18},"1":{"name":"coordinatesForCircle","decl":{"start":{"line":42,"column":16},"end":{"line":42,"column":36}},"loc":{"start":{"line":45,"column":2},"end":{"line":56,"column":1}},"line":45},"2":{"name":"createArc","decl":{"start":{"line":58,"column":16},"end":{"line":58,"column":25}},"loc":{"start":{"line":58,"column":70},"end":{"line":63,"column":1}},"line":58},"3":{"name":"createArcForSlice","decl":{"start":{"line":65,"column":16},"end":{"line":65,"column":33}},"loc":{"start":{"line":70,"column":17},"end":{"line":86,"column":1}},"line":70}},"branchMap":{"0":{"loc":{"start":{"line":22,"column":19},"end":{"line":22,"column":59}},"type":"cond-expr","locations":[{"start":{"line":22,"column":50},"end":{"line":22,"column":53}},{"start":{"line":22,"column":56},"end":{"line":22,"column":59}}],"line":22}},"s":{"0":7,"1":7,"2":7,"3":7,"4":7,"5":0,"6":0,"7":4,"8":4,"9":4,"10":4,"11":4,"12":4,"13":4,"14":4,"15":4},"f":{"0":7,"1":0,"2":4,"3":4},"b":{"0":[4,3]},"_coverageSchema":"43e27e138ebf9cfc5966b082cf9a028302ed4184","hash":"75e66fb30f7bfe4941bf97d4507373bb4d3fe9de"}
,"C:\\muthu\\gitworkspace\\libraries\\npm\\react\\react-cropped-doughnut-chart\\src\\core\\draw\\calculations.js": {"path":"C:\\muthu\\gitworkspace\\libraries\\npm\\react\\react-cropped-doughnut-chart\\src\\core\\draw\\calculations.js","statementMap":{"0":{"start":{"line":13,"column":23},"end":{"line":13,"column":64}},"1":{"start":{"line":15,"column":2},"end":{"line":18,"column":3}},"2":{"start":{"line":27,"column":23},"end":{"line":27,"column":72}},"3":{"start":{"line":29,"column":36},"end":{"line":36,"column":3}},"4":{"start":{"line":37,"column":2},"end":{"line":37,"column":34}},"5":{"start":{"line":46,"column":21},"end":{"line":46,"column":63}},"6":{"start":{"line":47,"column":19},"end":{"line":47,"column":59}},"7":{"start":{"line":49,"column":19},"end":{"line":49,"column":59}},"8":{"start":{"line":51,"column":12},"end":{"line":55,"column":13}},"9":{"start":{"line":57,"column":2},"end":{"line":57,"column":10}}},"fnMap":{"0":{"name":"polarToCartesian","decl":{"start":{"line":11,"column":16},"end":{"line":11,"column":32}},"loc":{"start":{"line":11,"column":75},"end":{"line":19,"column":1}},"line":11},"1":{"name":"drawingCoordinatesBetweenInnerAndOuterCircle","decl":{"start":{"line":22,"column":16},"end":{"line":22,"column":60}},"loc":{"start":{"line":26,"column":2},"end":{"line":38,"column":1}},"line":26},"2":{"name":"drawingCoordinatesForTextPosition","decl":{"start":{"line":41,"column":16},"end":{"line":41,"column":49}},"loc":{"start":{"line":45,"column":2},"end":{"line":58,"column":1}},"line":45}},"branchMap":{"0":{"loc":{"start":{"line":49,"column":19},"end":{"line":49,"column":59}},"type":"cond-expr","locations":[{"start":{"line":49,"column":50},"end":{"line":49,"column":53}},{"start":{"line":49,"column":56},"end":{"line":49,"column":59}}],"line":49}},"s":{"0":23,"1":23,"2":3,"3":3,"4":3,"5":3,"6":3,"7":3,"8":3,"9":3},"f":{"0":23,"1":3,"2":3},"b":{"0":[2,1]},"_coverageSchema":"43e27e138ebf9cfc5966b082cf9a028302ed4184","hash":"9ed2b6b0382759528520d8cef7eb43ea9e613c89"}
,"C:\\muthu\\gitworkspace\\libraries\\npm\\react\\react-cropped-doughnut-chart\\src\\core\\draw\\textInArc.js": {"path":"C:\\muthu\\gitworkspace\\libraries\\npm\\react\\react-cropped-doughnut-chart\\src\\core\\draw\\textInArc.js","statementMap":{"0":{"start":{"line":7,"column":36},"end":{"line":7,"column":61}},"1":{"start":{"line":9,"column":32},"end":{"line":12,"column":4}},"2":{"start":{"line":13,"column":2},"end":{"line":13,"column":62}},"3":{"start":{"line":15,"column":4},"end":{"line":19,"column":5}},"4":{"start":{"line":20,"column":2},"end":{"line":20,"column":76}},"5":{"start":{"line":21,"column":2},"end":{"line":21,"column":34}},"6":{"start":{"line":25,"column":22},"end":{"line":29,"column":4}},"7":{"start":{"line":30,"column":26},"end":{"line":34,"column":4}},"8":{"start":{"line":37,"column":2},"end":{"line":37,"column":50}},"9":{"start":{"line":38,"column":2},"end":{"line":38,"column":42}},"10":{"start":{"line":39,"column":2},"end":{"line":39,"column":20}},"11":{"start":{"line":49,"column":17},"end":{"line":49,"column":28}},"12":{"start":{"line":50,"column":34},"end":{"line":55,"column":3}},"13":{"start":{"line":56,"column":22},"end":{"line":60,"column":4}},"14":{"start":{"line":62,"column":18},"end":{"line":62,"column":35}},"15":{"start":{"line":63,"column":2},"end":{"line":63,"column":48}},"16":{"start":{"line":64,"column":2},"end":{"line":64,"column":36}},"17":{"start":{"line":65,"column":2},"end":{"line":65,"column":20}}},"fnMap":{"0":{"name":"createTextDefinition","decl":{"start":{"line":6,"column":9},"end":{"line":6,"column":29}},"loc":{"start":{"line":6,"column":74},"end":{"line":22,"column":1}},"line":6},"1":{"name":"createTextElement","decl":{"start":{"line":24,"column":9},"end":{"line":24,"column":26}},"loc":{"start":{"line":24,"column":69},"end":{"line":40,"column":1}},"line":24},"2":{"name":"getTextElements","decl":{"start":{"line":42,"column":16},"end":{"line":42,"column":31}},"loc":{"start":{"line":48,"column":2},"end":{"line":67,"column":1}},"line":48}},"branchMap":{},"s":{"0":3,"1":3,"2":3,"3":3,"4":3,"5":3,"6":3,"7":3,"8":3,"9":3,"10":3,"11":3,"12":3,"13":3,"14":3,"15":3,"16":3,"17":3},"f":{"0":3,"1":3,"2":3},"b":{},"_coverageSchema":"43e27e138ebf9cfc5966b082cf9a028302ed4184","hash":"33f06715aa5f871746b52807a359554bb3e041d7"}
,"C:\\muthu\\gitworkspace\\libraries\\npm\\react\\react-cropped-doughnut-chart\\src\\core\\shared\\config.js": {"path":"C:\\muthu\\gitworkspace\\libraries\\npm\\react\\react-cropped-doughnut-chart\\src\\core\\shared\\config.js","statementMap":{"0":{"start":{"line":1,"column":34},"end":{"line":7,"column":1}},"1":{"start":{"line":9,"column":30},"end":{"line":15,"column":1}},"2":{"start":{"line":16,"column":22},"end":{"line":24,"column":1}},"3":{"start":{"line":26,"column":28},"end":{"line":36,"column":1}}},"fnMap":{},"branchMap":{},"s":{"0":2,"1":2,"2":2,"3":2},"f":{},"b":{},"_coverageSchema":"43e27e138ebf9cfc5966b082cf9a028302ed4184","hash":"438f801abc073d13840297d8d6bd730f4c549968"}
,"C:\\muthu\\gitworkspace\\libraries\\npm\\react\\react-cropped-doughnut-chart\\src\\core\\shared\\formatter.js": {"path":"C:\\muthu\\gitworkspace\\libraries\\npm\\react\\react-cropped-doughnut-chart\\src\\core\\shared\\formatter.js","statementMap":{"0":{"start":{"line":3,"column":15},"end":{"line":11,"column":1}},"1":{"start":{"line":14,"column":20},"end":{"line":14,"column":24}},"2":{"start":{"line":15,"column":2},"end":{"line":20,"column":6}},"3":{"start":{"line":15,"column":13},"end":{"line":15,"column":25}},"4":{"start":{"line":17,"column":4},"end":{"line":20,"column":6}},"5":{"start":{"line":24,"column":20},"end":{"line":24,"column":24}},"6":{"start":{"line":25,"column":2},"end":{"line":30,"column":6}},"7":{"start":{"line":25,"column":13},"end":{"line":25,"column":25}},"8":{"start":{"line":27,"column":4},"end":{"line":30,"column":6}},"9":{"start":{"line":34,"column":19},"end":{"line":34,"column":69}},"10":{"start":{"line":34,"column":37},"end":{"line":34,"column":69}},"11":{"start":{"line":35,"column":23},"end":{"line":35,"column":49}},"12":{"start":{"line":36,"column":14},"end":{"line":36,"column":24}},"13":{"start":{"line":37,"column":2},"end":{"line":39,"column":3}},"14":{"start":{"line":38,"column":4},"end":{"line":38,"column":56}},"15":{"start":{"line":38,"column":38},"end":{"line":38,"column":53}},"16":{"start":{"line":40,"column":2},"end":{"line":40,"column":15}},"17":{"start":{"line":44,"column":2},"end":{"line":44,"column":42}},"18":{"start":{"line":48,"column":16},"end":{"line":48,"column":50}},"19":{"start":{"line":50,"column":27},"end":{"line":50,"column":71}},"20":{"start":{"line":50,"column":45},"end":{"line":50,"column":71}},"21":{"start":{"line":51,"column":21},"end":{"line":51,"column":50}},"22":{"start":{"line":52,"column":2},"end":{"line":54,"column":3}},"23":{"start":{"line":53,"column":4},"end":{"line":53,"column":80}},"24":{"start":{"line":57,"column":38},"end":{"line":57,"column":89}},"25":{"start":{"line":57,"column":48},"end":{"line":57,"column":89}},"26":{"start":{"line":59,"column":16},"end":{"line":59,"column":64}},"27":{"start":{"line":59,"column":44},"end":{"line":59,"column":60}},"28":{"start":{"line":60,"column":2},"end":{"line":70,"column":5}},"29":{"start":{"line":61,"column":20},"end":{"line":64,"column":5}},"30":{"start":{"line":75,"column":2},"end":{"line":78,"column":4}},"31":{"start":{"line":84,"column":20},"end":{"line":84,"column":24}},"32":{"start":{"line":86,"column":13},"end":{"line":86,"column":51}},"33":{"start":{"line":89,"column":2},"end":{"line":92,"column":4}},"34":{"start":{"line":99,"column":23},"end":{"line":99,"column":39}},"35":{"start":{"line":100,"column":29},"end":{"line":100,"column":54}},"36":{"start":{"line":103,"column":2},"end":{"line":106,"column":4}}},"fnMap":{"0":{"name":"formatLabel","decl":{"start":{"line":13,"column":9},"end":{"line":13,"column":20}},"loc":{"start":{"line":13,"column":27},"end":{"line":21,"column":1}},"line":13},"1":{"name":"formatColor","decl":{"start":{"line":23,"column":9},"end":{"line":23,"column":20}},"loc":{"start":{"line":23,"column":34},"end":{"line":31,"column":1}},"line":23},"2":{"name":"formatToArrayOfObjects","decl":{"start":{"line":33,"column":16},"end":{"line":33,"column":38}},"loc":{"start":{"line":33,"column":51},"end":{"line":41,"column":1}},"line":33},"3":{"name":"(anonymous_3)","decl":{"start":{"line":34,"column":19},"end":{"line":34,"column":20}},"loc":{"start":{"line":34,"column":37},"end":{"line":34,"column":69}},"line":34},"4":{"name":"(anonymous_4)","decl":{"start":{"line":38,"column":27},"end":{"line":38,"column":28}},"loc":{"start":{"line":38,"column":38},"end":{"line":38,"column":53}},"line":38},"5":{"name":"reverseString","decl":{"start":{"line":43,"column":16},"end":{"line":43,"column":29}},"loc":{"start":{"line":43,"column":35},"end":{"line":45,"column":1}},"line":43},"6":{"name":"formatItems","decl":{"start":{"line":47,"column":16},"end":{"line":47,"column":27}},"loc":{"start":{"line":47,"column":59},"end":{"line":71,"column":1}},"line":47},"7":{"name":"(anonymous_7)","decl":{"start":{"line":50,"column":27},"end":{"line":50,"column":28}},"loc":{"start":{"line":50,"column":45},"end":{"line":50,"column":71}},"line":50},"8":{"name":"(anonymous_8)","decl":{"start":{"line":57,"column":38},"end":{"line":57,"column":39}},"loc":{"start":{"line":57,"column":48},"end":{"line":57,"column":89}},"line":57},"9":{"name":"(anonymous_9)","decl":{"start":{"line":59,"column":29},"end":{"line":59,"column":30}},"loc":{"start":{"line":59,"column":44},"end":{"line":59,"column":60}},"line":59},"10":{"name":"(anonymous_10)","decl":{"start":{"line":61,"column":9},"end":{"line":61,"column":10}},"loc":{"start":{"line":61,"column":20},"end":{"line":64,"column":5}},"line":61},"11":{"name":"formatLabelColor","decl":{"start":{"line":73,"column":16},"end":{"line":73,"column":32}},"loc":{"start":{"line":73,"column":58},"end":{"line":80,"column":1}},"line":73},"12":{"name":"formatSliceId","decl":{"start":{"line":82,"column":16},"end":{"line":82,"column":29}},"loc":{"start":{"line":82,"column":36},"end":{"line":94,"column":1}},"line":82},"13":{"name":"formatSlicePreviousId","decl":{"start":{"line":95,"column":16},"end":{"line":95,"column":37}},"loc":{"start":{"line":95,"column":59},"end":{"line":108,"column":1}},"line":95}},"branchMap":{"0":{"loc":{"start":{"line":15,"column":2},"end":{"line":20,"column":6}},"type":"if","locations":[{"start":{"line":15,"column":2},"end":{"line":20,"column":6}},{"start":{"line":15,"column":2},"end":{"line":20,"column":6}}],"line":15},"1":{"loc":{"start":{"line":25,"column":2},"end":{"line":30,"column":6}},"type":"if","locations":[{"start":{"line":25,"column":2},"end":{"line":30,"column":6}},{"start":{"line":25,"column":2},"end":{"line":30,"column":6}}],"line":25},"2":{"loc":{"start":{"line":37,"column":2},"end":{"line":39,"column":3}},"type":"if","locations":[{"start":{"line":37,"column":2},"end":{"line":39,"column":3}},{"start":{"line":37,"column":2},"end":{"line":39,"column":3}}],"line":37},"3":{"loc":{"start":{"line":52,"column":2},"end":{"line":54,"column":3}},"type":"if","locations":[{"start":{"line":52,"column":2},"end":{"line":54,"column":3}},{"start":{"line":52,"column":2},"end":{"line":54,"column":3}}],"line":52},"4":{"loc":{"start":{"line":100,"column":29},"end":{"line":100,"column":54}},"type":"binary-expr","locations":[{"start":{"line":100,"column":29},"end":{"line":100,"column":41}},{"start":{"line":100,"column":45},"end":{"line":100,"column":54}}],"line":100}},"s":{"0":3,"1":21,"2":21,"3":11,"4":10,"5":21,"6":21,"7":14,"8":7,"9":10,"10":14,"11":10,"12":10,"13":10,"14":2,"15":6,"16":10,"17":3,"18":8,"19":8,"20":22,"21":8,"22":8,"23":1,"24":7,"25":21,"26":7,"27":21,"28":7,"29":21,"30":21,"31":24,"32":24,"33":24,"34":24,"35":24,"36":24},"f":{"0":21,"1":21,"2":10,"3":14,"4":6,"5":3,"6":8,"7":22,"8":21,"9":21,"10":21,"11":21,"12":24,"13":24},"b":{"0":[11,10],"1":[14,7],"2":[2,8],"3":[1,7],"4":[24,8]},"_coverageSchema":"43e27e138ebf9cfc5966b082cf9a028302ed4184","hash":"472eed6e8147c1380ac9650178226a975c9b40fc"}
,"C:\\muthu\\gitworkspace\\libraries\\npm\\react\\react-cropped-doughnut-chart\\src\\core\\shared\\randomizer.js": {"path":"C:\\muthu\\gitworkspace\\libraries\\npm\\react\\react-cropped-doughnut-chart\\src\\core\\shared\\randomizer.js","statementMap":{"0":{"start":{"line":2,"column":14},"end":{"line":2,"column":63}},"1":{"start":{"line":3,"column":2},"end":{"line":3,"column":30}}},"fnMap":{"0":{"name":"getRandomSixDigitString","decl":{"start":{"line":1,"column":16},"end":{"line":1,"column":39}},"loc":{"start":{"line":1,"column":42},"end":{"line":4,"column":1}},"line":1}},"branchMap":{},"s":{"0":3,"1":3},"f":{"0":3},"b":{},"_coverageSchema":"43e27e138ebf9cfc5966b082cf9a028302ed4184","hash":"5f0ef619aba2970f51d4677f0b43092eee36c40e"}
}
