{"C:\\muthu\\gitworkspace\\libraries\\npm\\react\\react-cropped-doughnut-chart\\src\\index.js": {"path":"C:\\muthu\\gitworkspace\\libraries\\npm\\react\\react-cropped-doughnut-chart\\src\\index.js","statementMap":{"0":{"start":{"line":5,"column":36},"end":{"line":48,"column":1}},"1":{"start":{"line":8,"column":28},"end":{"line":8,"column":40}},"2":{"start":{"line":10,"column":2},"end":{"line":43,"column":8}},"3":{"start":{"line":14,"column":17},"end":{"line":18,"column":5}},"4":{"start":{"line":23,"column":17},"end":{"line":23,"column":64}},"5":{"start":{"line":26,"column":17},"end":{"line":38,"column":6}},"6":{"start":{"line":39,"column":4},"end":{"line":39,"column":21}},"7":{"start":{"line":45,"column":2},"end":{"line":45,"column":62}}},"fnMap":{"0":{"name":"(anonymous_0)","decl":{"start":{"line":5,"column":36},"end":{"line":5,"column":37}},"loc":{"start":{"line":5,"column":50},"end":{"line":48,"column":1}},"line":5},"1":{"name":"(anonymous_1)","decl":{"start":{"line":10,"column":12},"end":{"line":10,"column":13}},"loc":{"start":{"line":10,"column":18},"end":{"line":43,"column":3}},"line":10}},"branchMap":{},"s":{"0":1,"1":0,"2":0,"3":0,"4":0,"5":0,"6":0,"7":0},"f":{"0":0,"1":0},"b":{},"_coverageSchema":"43e27e138ebf9cfc5966b082cf9a028302ed4184","hash":"e1050161b536fc09c358637c67b7706720e5a915"}
,"C:\\muthu\\gitworkspace\\libraries\\npm\\react\\react-cropped-doughnut-chart\\src\\core\\DoughnutElement.js": {"path":"C:\\muthu\\gitworkspace\\libraries\\npm\\react\\react-cropped-doughnut-chart\\src\\core\\DoughnutElement.js","statementMap":{"0":{"start":{"line":8,"column":19},"end":{"line":8,"column":44}},"1":{"start":{"line":9,"column":23},"end":{"line":9,"column":72}},"2":{"start":{"line":10,"column":2},"end":{"line":10,"column":50}},"3":{"start":{"line":11,"column":2},"end":{"line":11,"column":17}},"4":{"start":{"line":14,"column":27},"end":{"line":20,"column":1}},"5":{"start":{"line":22,"column":23},"end":{"line":28,"column":1}},"6":{"start":{"line":29,"column":15},"end":{"line":37,"column":1}},"7":{"start":{"line":40,"column":2},"end":{"line":45,"column":4}},"8":{"start":{"line":53,"column":28},"end":{"line":53,"column":61}},"9":{"start":{"line":54,"column":20},"end":{"line":54,"column":52}},"10":{"start":{"line":55,"column":12},"end":{"line":55,"column":25}},"11":{"start":{"line":56,"column":12},"end":{"line":56,"column":25}},"12":{"start":{"line":57,"column":22},"end":{"line":57,"column":48}},"13":{"start":{"line":58,"column":24},"end":{"line":58,"column":47}},"14":{"start":{"line":59,"column":33},"end":{"line":59,"column":46}},"15":{"start":{"line":60,"column":16},"end":{"line":60,"column":45}},"16":{"start":{"line":61,"column":29},"end":{"line":61,"column":57}},"17":{"start":{"line":61,"column":42},"end":{"line":61,"column":57}},"18":{"start":{"line":63,"column":20},"end":{"line":63,"column":42}},"19":{"start":{"line":65,"column":19},"end":{"line":65,"column":76}},"20":{"start":{"line":66,"column":19},"end":{"line":70,"column":3}},"21":{"start":{"line":72,"column":2},"end":{"line":72,"column":33}},"22":{"start":{"line":73,"column":2},"end":{"line":73,"column":33}},"23":{"start":{"line":75,"column":18},"end":{"line":75,"column":28}},"24":{"start":{"line":78,"column":25},"end":{"line":78,"column":43}},"25":{"start":{"line":80,"column":2},"end":{"line":108,"column":4}},"26":{"start":{"line":81,"column":42},"end":{"line":81,"column":46}},"27":{"start":{"line":94,"column":4},"end":{"line":94,"column":22}},"28":{"start":{"line":95,"column":4},"end":{"line":95,"column":22}},"29":{"start":{"line":96,"column":4},"end":{"line":96,"column":22}},"30":{"start":{"line":97,"column":21},"end":{"line":97,"column":63}},"31":{"start":{"line":99,"column":30},"end":{"line":104,"column":5}},"32":{"start":{"line":106,"column":4},"end":{"line":106,"column":44}},"33":{"start":{"line":107,"column":4},"end":{"line":107,"column":24}},"34":{"start":{"line":110,"column":31},"end":{"line":116,"column":3}},"35":{"start":{"line":117,"column":27},"end":{"line":117,"column":71}},"36":{"start":{"line":119,"column":2},"end":{"line":119,"column":41}},"37":{"start":{"line":120,"column":2},"end":{"line":120,"column":45}},"38":{"start":{"line":122,"column":15},"end":{"line":125,"column":4}},"39":{"start":{"line":126,"column":2},"end":{"line":126,"column":29}},"40":{"start":{"line":127,"column":2},"end":{"line":127,"column":23}}},"fnMap":{"0":{"name":"createArcFrom","decl":{"start":{"line":7,"column":9},"end":{"line":7,"column":22}},"loc":{"start":{"line":7,"column":46},"end":{"line":12,"column":1}},"line":7},"1":{"name":"getCircle","decl":{"start":{"line":39,"column":9},"end":{"line":39,"column":18}},"loc":{"start":{"line":39,"column":51},"end":{"line":46,"column":1}},"line":39},"2":{"name":"DoughnutElement","decl":{"start":{"line":49,"column":16},"end":{"line":49,"column":31}},"loc":{"start":{"line":52,"column":2},"end":{"line":128,"column":1}},"line":52},"3":{"name":"(anonymous_3)","decl":{"start":{"line":61,"column":29},"end":{"line":61,"column":30}},"loc":{"start":{"line":61,"column":42},"end":{"line":61,"column":57}},"line":61},"4":{"name":"(anonymous_4)","decl":{"start":{"line":80,"column":25},"end":{"line":80,"column":26}},"loc":{"start":{"line":80,"column":42},"end":{"line":108,"column":3}},"line":80}},"branchMap":{},"s":{"0":2,"1":2,"2":2,"3":2,"4":2,"5":2,"6":2,"7":1,"8":1,"9":1,"10":1,"11":1,"12":1,"13":1,"14":1,"15":1,"16":1,"17":3,"18":1,"19":1,"20":1,"21":1,"22":1,"23":1,"24":1,"25":1,"26":3,"27":3,"28":3,"29":3,"30":3,"31":3,"32":3,"33":3,"34":1,"35":1,"36":1,"37":1,"38":1,"39":1,"40":1},"f":{"0":2,"1":1,"2":1,"3":3,"4":3},"b":{},"_coverageSchema":"43e27e138ebf9cfc5966b082cf9a028302ed4184","hash":"aaef9f6f6aadfc1156c5316f8bc0c1d1abf9bd8a"}
,"C:\\muthu\\gitworkspace\\libraries\\npm\\react\\react-cropped-doughnut-chart\\src\\core\\HtmlContainerElement.js": {"path":"C:\\muthu\\gitworkspace\\libraries\\npm\\react\\react-cropped-doughnut-chart\\src\\core\\HtmlContainerElement.js","statementMap":{"0":{"start":{"line":3,"column":29},"end":{"line":3,"column":32}},"1":{"start":{"line":7,"column":22},"end":{"line":14,"column":4}},"2":{"start":{"line":15,"column":23},"end":{"line":15,"column":45}},"3":{"start":{"line":17,"column":21},"end":{"line":21,"column":4}},"4":{"start":{"line":22,"column":23},"end":{"line":22,"column":50}},"5":{"start":{"line":23,"column":2},"end":{"line":23,"column":37}},"6":{"start":{"line":24,"column":2},"end":{"line":24,"column":39}},"7":{"start":{"line":25,"column":2},"end":{"line":25,"column":32}},"8":{"start":{"line":27,"column":20},"end":{"line":29,"column":4}},"9":{"start":{"line":30,"column":2},"end":{"line":30,"column":36}},"10":{"start":{"line":32,"column":18},"end":{"line":32,"column":34}},"11":{"start":{"line":33,"column":18},"end":{"line":33,"column":34}},"12":{"start":{"line":35,"column":16},"end":{"line":35,"column":32}},"13":{"start":{"line":36,"column":17},"end":{"line":36,"column":33}},"14":{"start":{"line":38,"column":24},"end":{"line":43,"column":4}},"15":{"start":{"line":45,"column":2},"end":{"line":45,"column":38}},"16":{"start":{"line":47,"column":2},"end":{"line":47,"column":22}}},"fnMap":{"0":{"name":"getHtmlContainerElement","decl":{"start":{"line":4,"column":16},"end":{"line":4,"column":39}},"loc":{"start":{"line":4,"column":84},"end":{"line":48,"column":1}},"line":4}},"branchMap":{},"s":{"0":2,"1":1,"2":1,"3":1,"4":1,"5":1,"6":1,"7":1,"8":1,"9":1,"10":1,"11":1,"12":1,"13":1,"14":1,"15":1,"16":1},"f":{"0":1},"b":{},"_coverageSchema":"43e27e138ebf9cfc5966b082cf9a028302ed4184","hash":"0dc2f8229ef032740a4dd85fea717cf617250ccd"}
,"C:\\muthu\\gitworkspace\\libraries\\npm\\react\\react-cropped-doughnut-chart\\src\\core\\SliceElement.js": {"path":"C:\\muthu\\gitworkspace\\libraries\\npm\\react\\react-cropped-doughnut-chart\\src\\core\\SliceElement.js","statementMap":{"0":{"start":{"line":9,"column":20},"end":{"line":13,"column":4}},"1":{"start":{"line":15,"column":28},"end":{"line":19,"column":3}},"2":{"start":{"line":24,"column":2},"end":{"line":24,"column":55}},"3":{"start":{"line":25,"column":2},"end":{"line":25,"column":18}},"4":{"start":{"line":29,"column":36},"end":{"line":29,"column":61}},"5":{"start":{"line":31,"column":32},"end":{"line":34,"column":4}},"6":{"start":{"line":35,"column":2},"end":{"line":35,"column":62}},"7":{"start":{"line":37,"column":4},"end":{"line":41,"column":5}},"8":{"start":{"line":42,"column":2},"end":{"line":42,"column":76}},"9":{"start":{"line":43,"column":2},"end":{"line":43,"column":34}},"10":{"start":{"line":47,"column":22},"end":{"line":51,"column":4}},"11":{"start":{"line":52,"column":26},"end":{"line":56,"column":4}},"12":{"start":{"line":59,"column":2},"end":{"line":59,"column":49}},"13":{"start":{"line":60,"column":2},"end":{"line":60,"column":42}},"14":{"start":{"line":61,"column":2},"end":{"line":61,"column":20}},"15":{"start":{"line":65,"column":17},"end":{"line":65,"column":28}},"16":{"start":{"line":66,"column":34},"end":{"line":71,"column":3}},"17":{"start":{"line":72,"column":22},"end":{"line":72,"column":77}},"18":{"start":{"line":74,"column":2},"end":{"line":77,"column":3}},"19":{"start":{"line":80,"column":14},"end":{"line":80,"column":63}},"20":{"start":{"line":81,"column":2},"end":{"line":81,"column":29}},"21":{"start":{"line":98,"column":13},"end":{"line":98,"column":54}},"22":{"start":{"line":99,"column":20},"end":{"line":103,"column":4}},"23":{"start":{"line":104,"column":14},"end":{"line":104,"column":58}},"24":{"start":{"line":106,"column":2},"end":{"line":106,"column":28}},"25":{"start":{"line":107,"column":51},"end":{"line":113,"column":3}},"26":{"start":{"line":114,"column":2},"end":{"line":114,"column":48}},"27":{"start":{"line":115,"column":2},"end":{"line":115,"column":36}},"28":{"start":{"line":117,"column":2},"end":{"line":117,"column":18}}},"fnMap":{"0":{"name":"createArc","decl":{"start":{"line":8,"column":9},"end":{"line":8,"column":18}},"loc":{"start":{"line":8,"column":75},"end":{"line":26,"column":1}},"line":8},"1":{"name":"createTextDefinition","decl":{"start":{"line":28,"column":9},"end":{"line":28,"column":29}},"loc":{"start":{"line":28,"column":74},"end":{"line":44,"column":1}},"line":28},"2":{"name":"createTextElement","decl":{"start":{"line":46,"column":9},"end":{"line":46,"column":26}},"loc":{"start":{"line":46,"column":64},"end":{"line":62,"column":1}},"line":46},"3":{"name":"getTextElements","decl":{"start":{"line":64,"column":9},"end":{"line":64,"column":24}},"loc":{"start":{"line":64,"column":95},"end":{"line":78,"column":1}},"line":64},"4":{"name":"getRandomSixDigitString","decl":{"start":{"line":79,"column":16},"end":{"line":79,"column":39}},"loc":{"start":{"line":79,"column":42},"end":{"line":82,"column":1}},"line":79},"5":{"name":"getSliceElement","decl":{"start":{"line":91,"column":16},"end":{"line":91,"column":31}},"loc":{"start":{"line":97,"column":2},"end":{"line":118,"column":1}},"line":97}},"branchMap":{},"s":{"0":3,"1":3,"2":3,"3":3,"4":3,"5":3,"6":3,"7":3,"8":3,"9":3,"10":3,"11":3,"12":3,"13":3,"14":3,"15":3,"16":3,"17":3,"18":3,"19":3,"20":3,"21":3,"22":3,"23":3,"24":3,"25":3,"26":3,"27":3,"28":3},"f":{"0":3,"1":3,"2":3,"3":3,"4":3,"5":3},"b":{},"_coverageSchema":"43e27e138ebf9cfc5966b082cf9a028302ed4184","hash":"ac3bd6efa04d40ff7d134e026f4d9f8685fcb821"}
,"C:\\muthu\\gitworkspace\\libraries\\npm\\react\\react-cropped-doughnut-chart\\src\\core\\calculations.js": {"path":"C:\\muthu\\gitworkspace\\libraries\\npm\\react\\react-cropped-doughnut-chart\\src\\core\\calculations.js","statementMap":{"0":{"start":{"line":12,"column":23},"end":{"line":12,"column":64}},"1":{"start":{"line":14,"column":2},"end":{"line":17,"column":3}},"2":{"start":{"line":35,"column":21},"end":{"line":35,"column":63}},"3":{"start":{"line":36,"column":19},"end":{"line":36,"column":59}},"4":{"start":{"line":38,"column":19},"end":{"line":38,"column":59}},"5":{"start":{"line":40,"column":12},"end":{"line":58,"column":13}},"6":{"start":{"line":60,"column":2},"end":{"line":60,"column":10}},"7":{"start":{"line":68,"column":23},"end":{"line":68,"column":68}},"8":{"start":{"line":69,"column":22},"end":{"line":69,"column":62}},"9":{"start":{"line":70,"column":36},"end":{"line":77,"column":3}},"10":{"start":{"line":78,"column":2},"end":{"line":78,"column":34}}},"fnMap":{"0":{"name":"polarToCartesian","decl":{"start":{"line":1,"column":16},"end":{"line":1,"column":32}},"loc":{"start":{"line":1,"column":75},"end":{"line":18,"column":1}},"line":1},"1":{"name":"drawingCoordinatesinCircle","decl":{"start":{"line":30,"column":16},"end":{"line":30,"column":42}},"loc":{"start":{"line":34,"column":2},"end":{"line":61,"column":1}},"line":34},"2":{"name":"drawingCoordinatesBetweenInnerAndOuterCircle","decl":{"start":{"line":63,"column":16},"end":{"line":63,"column":60}},"loc":{"start":{"line":67,"column":2},"end":{"line":79,"column":1}},"line":67}},"branchMap":{"0":{"loc":{"start":{"line":38,"column":19},"end":{"line":38,"column":59}},"type":"cond-expr","locations":[{"start":{"line":38,"column":50},"end":{"line":38,"column":53}},{"start":{"line":38,"column":56},"end":{"line":38,"column":59}}],"line":38}},"s":{"0":25,"1":25,"2":11,"3":11,"4":11,"5":11,"6":11,"7":3,"8":3,"9":3,"10":3},"f":{"0":25,"1":11,"2":3},"b":{"0":[7,4]},"_coverageSchema":"43e27e138ebf9cfc5966b082cf9a028302ed4184","hash":"8f8a731fc8f0c970d1612a05c50766356489b7b3"}
,"C:\\muthu\\gitworkspace\\libraries\\npm\\react\\react-cropped-doughnut-chart\\src\\core\\elements.js": {"path":"C:\\muthu\\gitworkspace\\libraries\\npm\\react\\react-cropped-doughnut-chart\\src\\core\\elements.js","statementMap":{"0":{"start":{"line":1,"column":29},"end":{"line":1,"column":57}},"1":{"start":{"line":3,"column":16},"end":{"line":3,"column":29}},"2":{"start":{"line":4,"column":18},"end":{"line":4,"column":55}},"3":{"start":{"line":6,"column":2},"end":{"line":6,"column":79}},"4":{"start":{"line":6,"column":37},"end":{"line":6,"column":78}},"5":{"start":{"line":8,"column":2},"end":{"line":8,"column":16}},"6":{"start":{"line":12,"column":18},"end":{"line":12,"column":46}},"7":{"start":{"line":14,"column":2},"end":{"line":14,"column":71}},"8":{"start":{"line":14,"column":37},"end":{"line":14,"column":70}},"9":{"start":{"line":16,"column":2},"end":{"line":16,"column":16}},"10":{"start":{"line":21,"column":2},"end":{"line":21,"column":43}}},"fnMap":{"0":{"name":"createElement","decl":{"start":{"line":2,"column":16},"end":{"line":2,"column":29}},"loc":{"start":{"line":2,"column":45},"end":{"line":9,"column":1}},"line":2},"1":{"name":"(anonymous_1)","decl":{"start":{"line":6,"column":18},"end":{"line":6,"column":19}},"loc":{"start":{"line":6,"column":37},"end":{"line":6,"column":78}},"line":6},"2":{"name":"createHtmlElement","decl":{"start":{"line":11,"column":16},"end":{"line":11,"column":33}},"loc":{"start":{"line":11,"column":49},"end":{"line":17,"column":1}},"line":11},"3":{"name":"(anonymous_3)","decl":{"start":{"line":14,"column":18},"end":{"line":14,"column":19}},"loc":{"start":{"line":14,"column":37},"end":{"line":14,"column":70}},"line":14},"4":{"name":"setAttributeForSvg","decl":{"start":{"line":20,"column":16},"end":{"line":20,"column":34}},"loc":{"start":{"line":20,"column":57},"end":{"line":22,"column":1}},"line":20}},"branchMap":{},"s":{"0":3,"1":27,"2":27,"3":27,"4":55,"5":27,"6":7,"7":7,"8":8,"9":7,"10":3},"f":{"0":27,"1":55,"2":7,"3":8,"4":3},"b":{},"_coverageSchema":"43e27e138ebf9cfc5966b082cf9a028302ed4184","hash":"1203952a56cdd1947c1f613858157e54cee0cd8c"}
,"C:\\muthu\\gitworkspace\\libraries\\npm\\react\\react-cropped-doughnut-chart\\src\\core\\formatter.js": {"path":"C:\\muthu\\gitworkspace\\libraries\\npm\\react\\react-cropped-doughnut-chart\\src\\core\\formatter.js","statementMap":{"0":{"start":{"line":1,"column":15},"end":{"line":9,"column":1}},"1":{"start":{"line":11,"column":20},"end":{"line":11,"column":24}},"2":{"start":{"line":12,"column":2},"end":{"line":17,"column":5}},"3":{"start":{"line":12,"column":13},"end":{"line":12,"column":24}},"4":{"start":{"line":14,"column":4},"end":{"line":17,"column":5}},"5":{"start":{"line":21,"column":20},"end":{"line":21,"column":24}},"6":{"start":{"line":22,"column":2},"end":{"line":27,"column":5}},"7":{"start":{"line":22,"column":13},"end":{"line":22,"column":24}},"8":{"start":{"line":24,"column":4},"end":{"line":27,"column":5}},"9":{"start":{"line":31,"column":19},"end":{"line":31,"column":69}},"10":{"start":{"line":31,"column":37},"end":{"line":31,"column":69}},"11":{"start":{"line":32,"column":23},"end":{"line":32,"column":49}},"12":{"start":{"line":33,"column":14},"end":{"line":33,"column":24}},"13":{"start":{"line":34,"column":2},"end":{"line":36,"column":3}},"14":{"start":{"line":35,"column":4},"end":{"line":35,"column":55}},"15":{"start":{"line":35,"column":38},"end":{"line":35,"column":53}},"16":{"start":{"line":37,"column":2},"end":{"line":37,"column":14}},"17":{"start":{"line":40,"column":2},"end":{"line":40,"column":42}},"18":{"start":{"line":43,"column":16},"end":{"line":43,"column":50}},"19":{"start":{"line":45,"column":27},"end":{"line":45,"column":71}},"20":{"start":{"line":45,"column":45},"end":{"line":45,"column":71}},"21":{"start":{"line":46,"column":21},"end":{"line":46,"column":50}},"22":{"start":{"line":47,"column":2},"end":{"line":49,"column":3}},"23":{"start":{"line":48,"column":4},"end":{"line":48,"column":79}},"24":{"start":{"line":52,"column":16},"end":{"line":52,"column":64}},"25":{"start":{"line":52,"column":44},"end":{"line":52,"column":60}},"26":{"start":{"line":53,"column":2},"end":{"line":59,"column":21}},"27":{"start":{"line":54,"column":20},"end":{"line":57,"column":5}}},"fnMap":{"0":{"name":"formatLabel","decl":{"start":{"line":10,"column":9},"end":{"line":10,"column":20}},"loc":{"start":{"line":10,"column":27},"end":{"line":18,"column":1}},"line":10},"1":{"name":"formatColor","decl":{"start":{"line":20,"column":9},"end":{"line":20,"column":20}},"loc":{"start":{"line":20,"column":34},"end":{"line":28,"column":1}},"line":20},"2":{"name":"formatToArrayOfObjects","decl":{"start":{"line":30,"column":16},"end":{"line":30,"column":38}},"loc":{"start":{"line":30,"column":51},"end":{"line":38,"column":1}},"line":30},"3":{"name":"(anonymous_3)","decl":{"start":{"line":31,"column":19},"end":{"line":31,"column":20}},"loc":{"start":{"line":31,"column":37},"end":{"line":31,"column":69}},"line":31},"4":{"name":"(anonymous_4)","decl":{"start":{"line":35,"column":27},"end":{"line":35,"column":28}},"loc":{"start":{"line":35,"column":38},"end":{"line":35,"column":53}},"line":35},"5":{"name":"reverseString","decl":{"start":{"line":39,"column":16},"end":{"line":39,"column":29}},"loc":{"start":{"line":39,"column":35},"end":{"line":41,"column":1}},"line":39},"6":{"name":"formatItems","decl":{"start":{"line":42,"column":16},"end":{"line":42,"column":27}},"loc":{"start":{"line":42,"column":40},"end":{"line":60,"column":1}},"line":42},"7":{"name":"(anonymous_7)","decl":{"start":{"line":45,"column":27},"end":{"line":45,"column":28}},"loc":{"start":{"line":45,"column":45},"end":{"line":45,"column":71}},"line":45},"8":{"name":"(anonymous_8)","decl":{"start":{"line":52,"column":29},"end":{"line":52,"column":30}},"loc":{"start":{"line":52,"column":44},"end":{"line":52,"column":60}},"line":52},"9":{"name":"(anonymous_9)","decl":{"start":{"line":54,"column":9},"end":{"line":54,"column":10}},"loc":{"start":{"line":54,"column":20},"end":{"line":57,"column":5}},"line":54}},"branchMap":{"0":{"loc":{"start":{"line":12,"column":2},"end":{"line":17,"column":5}},"type":"if","locations":[{"start":{"line":12,"column":2},"end":{"line":17,"column":5}},{"start":{"line":12,"column":2},"end":{"line":17,"column":5}}],"line":12},"1":{"loc":{"start":{"line":22,"column":2},"end":{"line":27,"column":5}},"type":"if","locations":[{"start":{"line":22,"column":2},"end":{"line":27,"column":5}},{"start":{"line":22,"column":2},"end":{"line":27,"column":5}}],"line":22},"2":{"loc":{"start":{"line":34,"column":2},"end":{"line":36,"column":3}},"type":"if","locations":[{"start":{"line":34,"column":2},"end":{"line":36,"column":3}},{"start":{"line":34,"column":2},"end":{"line":36,"column":3}}],"line":34},"3":{"loc":{"start":{"line":47,"column":2},"end":{"line":49,"column":3}},"type":"if","locations":[{"start":{"line":47,"column":2},"end":{"line":49,"column":3}},{"start":{"line":47,"column":2},"end":{"line":49,"column":3}}],"line":47}},"s":{"0":3,"1":15,"2":15,"3":7,"4":8,"5":15,"6":15,"7":10,"8":5,"9":8,"10":12,"11":8,"12":8,"13":8,"14":2,"15":6,"16":8,"17":3,"18":6,"19":6,"20":16,"21":6,"22":6,"23":1,"24":5,"25":15,"26":5,"27":15},"f":{"0":15,"1":15,"2":8,"3":12,"4":6,"5":3,"6":6,"7":16,"8":15,"9":15},"b":{"0":[7,8],"1":[10,5],"2":[2,6],"3":[1,5]},"_coverageSchema":"43e27e138ebf9cfc5966b082cf9a028302ed4184","hash":"91de03b871d7307b81ad7a6552f74b91927375c2"}
}
