TN:
SF:C:\muthu\gitworkspace\libraries\npm\react\react-cropped-doughnut-chart\src\index.js
FN:4,(anonymous_0)
FN:10,(anonymous_1)
FNF:2
FNH:0
FNDA:0,(anonymous_0)
FNDA:0,(anonymous_1)
DA:4,1
DA:7,0
DA:10,0
DA:15,0
DA:17,0
DA:18,0
DA:25,0
LF:7
LH:1
BRDA:17,0,0,0
BRDA:17,0,1,0
BRF:2
BRH:0
end_of_record
TN:
SF:C:\muthu\gitworkspace\libraries\npm\react\react-cropped-doughnut-chart\src\core\HorseShoeChartCreator.js
FN:9,HorseShoeChartCreator
FN:47,(anonymous_1)
FN:57,(anonymous_2)
FNF:3
FNH:3
FNDA:1,HorseShoeChartCreator
FNDA:3,(anonymous_1)
FNDA:3,(anonymous_2)
DA:10,1
DA:11,1
DA:25,1
DA:38,1
DA:39,1
DA:40,1
DA:41,1
DA:42,1
DA:43,1
DA:44,1
DA:45,1
DA:46,1
DA:47,3
DA:49,1
DA:52,1
DA:54,1
DA:57,1
DA:58,3
DA:61,3
DA:63,3
DA:72,3
DA:73,3
DA:76,1
DA:85,1
DA:88,1
DA:90,1
DA:94,1
DA:96,1
DA:97,1
DA:103,1
DA:107,1
DA:109,1
LF:32
LH:32
BRDA:88,0,0,1
BRDA:88,0,1,0
BRF:2
BRH:1
end_of_record
TN:
SF:C:\muthu\gitworkspace\libraries\npm\react\react-cropped-doughnut-chart\src\core\builder\elements.js
FN:4,createElement
FN:8,(anonymous_1)
FN:13,createHtmlElement
FN:16,(anonymous_3)
FN:22,setAttributeForSvg
FN:28,insertStyles
FN:40,createContainer
FN:44,createCircle
FNF:8
FNH:7
FNDA:34,createElement
FNDA:82,(anonymous_1)
FNDA:7,createHtmlElement
FNDA:8,(anonymous_3)
FNDA:0,setAttributeForSvg
FNDA:1,insertStyles
FNDA:3,createContainer
FNDA:1,createCircle
DA:3,5
DA:5,34
DA:6,34
DA:8,82
DA:10,34
DA:14,7
DA:16,8
DA:18,7
DA:23,0
DA:29,1
DA:30,0
DA:32,1
DA:33,1
DA:34,1
DA:36,1
DA:37,1
DA:41,3
DA:42,3
DA:45,1
LF:19
LH:17
BRDA:29,0,0,0
BRDA:29,0,1,1
BRF:2
BRH:1
end_of_record
TN:
SF:C:\muthu\gitworkspace\libraries\npm\react\react-cropped-doughnut-chart\src\core\components\Animations.js
FN:4,createArcAnimation
FN:16,createOpacityAnimation
FN:34,getBorderAnimation
FN:51,getCenterTitleAnimation
FNF:4
FNH:4
FNDA:1,createArcAnimation
FNDA:1,createOpacityAnimation
FNDA:1,getBorderAnimation
FNDA:1,getCenterTitleAnimation
DA:7,1
DA:14,1
DA:20,1
DA:30,1
DA:38,1
DA:39,1
DA:44,1
DA:45,1
DA:47,1
DA:48,1
DA:53,1
DA:55,1
DA:59,1
DA:60,1
LF:14
LH:14
BRDA:37,0,0,0
BRDA:51,1,0,0
BRF:2
BRH:0
end_of_record
TN:
SF:C:\muthu\gitworkspace\libraries\npm\react\react-cropped-doughnut-chart\src\core\components\HtmlContainerElement.js
FN:4,getHtmlContainerElement
FNF:1
FNH:1
FNDA:1,getHtmlContainerElement
DA:3,2
DA:7,1
DA:15,1
DA:17,1
DA:22,1
DA:23,1
DA:24,1
DA:25,1
DA:27,1
DA:30,1
DA:32,1
DA:33,1
DA:35,1
DA:36,1
DA:38,1
DA:45,1
DA:47,1
LF:17
LH:17
BRF:0
BRH:0
end_of_record
TN:
SF:C:\muthu\gitworkspace\libraries\npm\react\react-cropped-doughnut-chart\src\core\components\SliceElement.js
FN:6,getSliceElement
FNF:1
FNH:1
FNDA:3,getSliceElement
DA:14,3
DA:15,3
DA:22,3
DA:23,3
DA:24,3
DA:28,3
DA:31,3
DA:34,3
DA:41,3
DA:43,3
LF:10
LH:10
BRF:0
BRH:0
end_of_record
TN:
SF:C:\muthu\gitworkspace\libraries\npm\react\react-cropped-doughnut-chart\src\core\draw\arc.js
FN:14,coordinatesForArc
FN:42,coordinatesForCircle
FN:58,createArc
FN:65,createArcForSlice
FNF:4
FNH:3
FNDA:7,coordinatesForArc
FNDA:0,coordinatesForCircle
FNDA:4,createArc
FNDA:4,createArcForSlice
DA:19,7
DA:20,7
DA:22,7
DA:24,7
DA:29,7
DA:49,0
DA:55,0
DA:59,4
DA:60,4
DA:61,4
DA:62,4
DA:71,4
DA:73,4
DA:74,4
DA:83,4
DA:85,4
LF:16
LH:14
BRDA:22,0,0,4
BRDA:22,0,1,3
BRF:2
BRH:2
end_of_record
TN:
SF:C:\muthu\gitworkspace\libraries\npm\react\react-cropped-doughnut-chart\src\core\draw\calculations.js
FN:11,polarToCartesian
FN:22,drawingCoordinatesBetweenInnerAndOuterCircle
FN:41,drawingCoordinatesForTextPosition
FNF:3
FNH:3
FNDA:23,polarToCartesian
FNDA:3,drawingCoordinatesBetweenInnerAndOuterCircle
FNDA:3,drawingCoordinatesForTextPosition
DA:13,23
DA:15,23
DA:27,3
DA:29,3
DA:37,3
DA:46,3
DA:47,3
DA:49,3
DA:51,3
DA:57,3
LF:10
LH:10
BRDA:49,0,0,2
BRDA:49,0,1,1
BRF:2
BRH:2
end_of_record
TN:
SF:C:\muthu\gitworkspace\libraries\npm\react\react-cropped-doughnut-chart\src\core\draw\textInArc.js
FN:6,createTextDefinition
FN:24,createTextElement
FN:42,getTextElements
FNF:3
FNH:3
FNDA:3,createTextDefinition
FNDA:3,createTextElement
FNDA:3,getTextElements
DA:7,3
DA:9,3
DA:13,3
DA:15,3
DA:20,3
DA:21,3
DA:25,3
DA:30,3
DA:37,3
DA:38,3
DA:39,3
DA:49,3
DA:50,3
DA:56,3
DA:62,3
DA:63,3
DA:64,3
DA:65,3
LF:18
LH:18
BRF:0
BRH:0
end_of_record
TN:
SF:C:\muthu\gitworkspace\libraries\npm\react\react-cropped-doughnut-chart\src\core\shared\config.js
FNF:0
FNH:0
DA:1,2
DA:9,2
DA:16,2
DA:26,2
LF:4
LH:4
BRF:0
BRH:0
end_of_record
TN:
SF:C:\muthu\gitworkspace\libraries\npm\react\react-cropped-doughnut-chart\src\core\shared\formatter.js
FN:13,formatLabel
FN:23,formatColor
FN:33,formatToArrayOfObjects
FN:34,(anonymous_3)
FN:38,(anonymous_4)
FN:43,reverseString
FN:47,formatItems
FN:50,(anonymous_7)
FN:57,(anonymous_8)
FN:59,(anonymous_9)
FN:61,(anonymous_10)
FN:73,formatLabelColor
FN:82,formatSliceId
FN:95,formatSlicePreviousId
FNF:14
FNH:14
FNDA:21,formatLabel
FNDA:21,formatColor
FNDA:10,formatToArrayOfObjects
FNDA:14,(anonymous_3)
FNDA:6,(anonymous_4)
FNDA:3,reverseString
FNDA:8,formatItems
FNDA:22,(anonymous_7)
FNDA:21,(anonymous_8)
FNDA:21,(anonymous_9)
FNDA:21,(anonymous_10)
FNDA:21,formatLabelColor
FNDA:24,formatSliceId
FNDA:24,formatSlicePreviousId
DA:3,3
DA:14,21
DA:15,21
DA:17,10
DA:24,21
DA:25,21
DA:27,7
DA:34,14
DA:35,10
DA:36,10
DA:37,10
DA:38,6
DA:40,10
DA:44,3
DA:48,8
DA:50,22
DA:51,8
DA:52,8
DA:53,1
DA:57,21
DA:59,21
DA:60,7
DA:61,21
DA:75,21
DA:84,24
DA:86,24
DA:89,24
DA:99,24
DA:100,24
DA:103,24
LF:30
LH:30
BRDA:15,0,0,11
BRDA:15,0,1,10
BRDA:25,1,0,14
BRDA:25,1,1,7
BRDA:37,2,0,2
BRDA:37,2,1,8
BRDA:52,3,0,1
BRDA:52,3,1,7
BRDA:100,4,0,24
BRDA:100,4,1,8
BRF:10
BRH:10
end_of_record
TN:
SF:C:\muthu\gitworkspace\libraries\npm\react\react-cropped-doughnut-chart\src\core\shared\randomizer.js
FN:1,getRandomSixDigitString
FNF:1
FNH:1
FNDA:3,getRandomSixDigitString
DA:2,3
DA:3,3
LF:2
LH:2
BRF:0
BRH:0
end_of_record
