TN:
SF:C:\muthu\gitworkspace\libraries\npm\react\react-cropped-doughnut-chart\src\index.js
FN:5,(anonymous_0)
FN:10,(anonymous_1)
FNF:2
FNH:0
FNDA:0,(anonymous_0)
FNDA:0,(anonymous_1)
DA:5,1
DA:8,0
DA:10,0
DA:14,0
DA:23,0
DA:26,0
DA:39,0
DA:45,0
LF:8
LH:1
BRF:0
BRH:0
end_of_record
TN:
SF:C:\muthu\gitworkspace\libraries\npm\react\react-cropped-doughnut-chart\src\core\DoughnutElement.js
FN:7,createArcFrom
FN:39,getCircle
FN:49,DoughnutElement
FN:61,(anonymous_3)
FN:80,(anonymous_4)
FNF:5
FNH:5
FNDA:2,createArcFrom
FNDA:1,getCircle
FNDA:1,DoughnutElement
FNDA:3,(anonymous_3)
FNDA:3,(anonymous_4)
DA:8,2
DA:9,2
DA:10,2
DA:11,2
DA:14,2
DA:22,2
DA:29,2
DA:40,1
DA:53,1
DA:54,1
DA:55,1
DA:56,1
DA:57,1
DA:58,1
DA:59,1
DA:60,1
DA:61,3
DA:63,1
DA:65,1
DA:66,1
DA:72,1
DA:73,1
DA:75,1
DA:78,1
DA:80,1
DA:81,3
DA:94,3
DA:95,3
DA:96,3
DA:97,3
DA:99,3
DA:106,3
DA:107,3
DA:110,1
DA:117,1
DA:119,1
DA:120,1
DA:122,1
DA:126,1
DA:127,1
LF:40
LH:40
BRF:0
BRH:0
end_of_record
TN:
SF:C:\muthu\gitworkspace\libraries\npm\react\react-cropped-doughnut-chart\src\core\HtmlContainerElement.js
FN:4,getHtmlContainerElement
FNF:1
FNH:1
FNDA:1,getHtmlContainerElement
DA:3,2
DA:7,1
DA:15,1
DA:17,1
DA:22,1
DA:23,1
DA:24,1
DA:25,1
DA:27,1
DA:30,1
DA:32,1
DA:33,1
DA:35,1
DA:36,1
DA:38,1
DA:45,1
DA:47,1
LF:17
LH:17
BRF:0
BRH:0
end_of_record
TN:
SF:C:\muthu\gitworkspace\libraries\npm\react\react-cropped-doughnut-chart\src\core\SliceElement.js
FN:8,createArc
FN:28,createTextDefinition
FN:46,createTextElement
FN:64,getTextElements
FN:79,getRandomSixDigitString
FN:91,getSliceElement
FNF:6
FNH:6
FNDA:3,createArc
FNDA:3,createTextDefinition
FNDA:3,createTextElement
FNDA:3,getTextElements
FNDA:3,getRandomSixDigitString
FNDA:3,getSliceElement
DA:9,3
DA:15,3
DA:24,3
DA:25,3
DA:29,3
DA:31,3
DA:35,3
DA:37,3
DA:42,3
DA:43,3
DA:47,3
DA:52,3
DA:59,3
DA:60,3
DA:61,3
DA:65,3
DA:66,3
DA:72,3
DA:74,3
DA:80,3
DA:81,3
DA:98,3
DA:99,3
DA:104,3
DA:106,3
DA:107,3
DA:114,3
DA:115,3
DA:117,3
LF:29
LH:29
BRF:0
BRH:0
end_of_record
TN:
SF:C:\muthu\gitworkspace\libraries\npm\react\react-cropped-doughnut-chart\src\core\calculations.js
FN:1,polarToCartesian
FN:30,drawingCoordinatesinCircle
FN:63,drawingCoordinatesBetweenInnerAndOuterCircle
FNF:3
FNH:3
FNDA:25,polarToCartesian
FNDA:11,drawingCoordinatesinCircle
FNDA:3,drawingCoordinatesBetweenInnerAndOuterCircle
DA:12,25
DA:14,25
DA:35,11
DA:36,11
DA:38,11
DA:40,11
DA:60,11
DA:68,3
DA:69,3
DA:70,3
DA:78,3
LF:11
LH:11
BRDA:38,0,0,7
BRDA:38,0,1,4
BRF:2
BRH:2
end_of_record
TN:
SF:C:\muthu\gitworkspace\libraries\npm\react\react-cropped-doughnut-chart\src\core\elements.js
FN:2,createElement
FN:6,(anonymous_1)
FN:11,createHtmlElement
FN:14,(anonymous_3)
FN:20,setAttributeForSvg
FNF:5
FNH:5
FNDA:27,createElement
FNDA:55,(anonymous_1)
FNDA:7,createHtmlElement
FNDA:8,(anonymous_3)
FNDA:3,setAttributeForSvg
DA:1,3
DA:3,27
DA:4,27
DA:6,55
DA:8,27
DA:12,7
DA:14,8
DA:16,7
DA:21,3
LF:9
LH:9
BRF:0
BRH:0
end_of_record
TN:
SF:C:\muthu\gitworkspace\libraries\npm\react\react-cropped-doughnut-chart\src\core\formatter.js
FN:10,formatLabel
FN:20,formatColor
FN:30,formatToArrayOfObjects
FN:31,(anonymous_3)
FN:35,(anonymous_4)
FN:39,reverseString
FN:42,formatItems
FN:45,(anonymous_7)
FN:52,(anonymous_8)
FN:54,(anonymous_9)
FNF:10
FNH:10
FNDA:15,formatLabel
FNDA:15,formatColor
FNDA:8,formatToArrayOfObjects
FNDA:12,(anonymous_3)
FNDA:6,(anonymous_4)
FNDA:3,reverseString
FNDA:6,formatItems
FNDA:16,(anonymous_7)
FNDA:15,(anonymous_8)
FNDA:15,(anonymous_9)
DA:1,3
DA:11,15
DA:12,15
DA:14,8
DA:21,15
DA:22,15
DA:24,5
DA:31,12
DA:32,8
DA:33,8
DA:34,8
DA:35,6
DA:37,8
DA:40,3
DA:43,6
DA:45,16
DA:46,6
DA:47,6
DA:48,1
DA:52,15
DA:53,5
DA:54,15
LF:22
LH:22
BRDA:12,0,0,7
BRDA:12,0,1,8
BRDA:22,1,0,10
BRDA:22,1,1,5
BRDA:34,2,0,2
BRDA:34,2,1,6
BRDA:47,3,0,1
BRDA:47,3,1,5
BRF:8
BRH:8
end_of_record
